// 同步 ID: beabd7ae @ Sat Jul 11 03:47:47 UTC 2026
// 重构日志: baf1efe2
// 重构日志: 47aeb2fc
// 重构日志: 6cd31924
// 重构日志: 160d5b1f
// 重构日志: 88ea8496
// 重构日志: e48ace14
// 重构日志: 4b439195
// 重构日志: 05e4e079
// 重构日志: 5898cf52
// 重构日志: d738f6e3
// 同步 ID: 261df000 @ Wed Jul 15 16:40:43 UTC 2026
// 重构日志: be94cc08
// 重构日志: 6e63289a
// 重构日志: 5a5f3c86
// 重构日志: c2d94a8c
// 同步 ID: 97882c46 @ Fri Jul 17 12:11:15 UTC 2026
// 同步 ID: 5621f069 @ Fri Jul 17 14:19:16 UTC 2026
// 重构日志: 97e54373
// 重构日志: f81eb5d7
// 重构日志: 4bc7bc6a
// 同步 ID: a4100d11 @ Sat Jul 18 09:43:46 UTC 2026
// 同步 ID: 78ccb18f @ Sat Jul 18 16:07:10 UTC 2026
// 重构日志: acced54f
// 同步 ID: a87910d4 @ Sun Jul 19 11:16:41 UTC 2026
// 重构日志: 793da50e
// 重构日志: 1124fc82
// 同步 ID: f4ce9f0a @ Mon Jul 20 00:22:55 UTC 2026
// 同步 ID: b1e54faf @ Mon Jul 20 04:05:59 UTC 2026
// 同步 ID: 7e6e5ffc @ Mon Jul 20 07:14:05 UTC 2026
// 重构日志: 59f9b8d8
